2025-07-15 18:04:19 [ERROR] Customer_offer: Initialization failed: DataFetcherOracleCustomer() takes no arguments
2025-07-15 18:05:14 [ERROR] Customer_offer: Initialization failed: DataFetcherLocalCustomer.__init__() missing 1 required positional argument: 'engine'
2025-07-15 18:06:26 [ERROR] Customer_offer: output formatter stopped :'DataFetcherOracleCustomer' object has no attribute 'connect'
2025-07-15 18:07:03 [ERROR] Customer_offer: ensure_customers_in_db failed: (sqlite3.IntegrityError) NOT NULL constraint failed: customers.customerKey
[SQL: INSERT INTO customers ("customerNumber", "customerKey", name, email, phone, "customerType", "creditTerms", "createAt", "modifiedAt", "createdBy", "modifiedBy") VALUES (?, ?, ?, ?, ?, ?, ?, ?, ?, ?, ?) RETURNING "customerId"]
[parameters: (86678.0, None, 'Magunas Super Stores(K) Ltd', 'payables@magunas.co.ke, financemanager@magunas.co.ke', None, 'ORGANIZATION', 30, None, None, None, None)]
(Background on this error at: https://sqlalche.me/e/20/gkpj)
2025-07-15 18:07:03 [ERROR] Customer_offer: get_enriched_invoice_data failed: (sqlite3.IntegrityError) NOT NULL constraint failed: customers.customerKey
[SQL: INSERT INTO customers ("customerNumber", "customerKey", name, email, phone, "customerType", "creditTerms", "createAt", "modifiedAt", "createdBy", "modifiedBy") VALUES (?, ?, ?, ?, ?, ?, ?, ?, ?, ?, ?) RETURNING "customerId"]
[parameters: (86678.0, None, 'Magunas Super Stores(K) Ltd', 'payables@magunas.co.ke, financemanager@magunas.co.ke', None, 'ORGANIZATION', 30, None, None, None, None)]
(Background on this error at: https://sqlalche.me/e/20/gkpj)
2025-07-15 18:07:03 [ERROR] Customer_offer: output formatter stopped :(sqlite3.IntegrityError) NOT NULL constraint failed: customers.customerKey
[SQL: INSERT INTO customers ("customerNumber", "customerKey", name, email, phone, "customerType", "creditTerms", "createAt", "modifiedAt", "createdBy", "modifiedBy") VALUES (?, ?, ?, ?, ?, ?, ?, ?, ?, ?, ?) RETURNING "customerId"]
[parameters: (86678.0, None, 'Magunas Super Stores(K) Ltd', 'payables@magunas.co.ke, financemanager@magunas.co.ke', None, 'ORGANIZATION', 30, None, None, None, None)]
(Background on this error at: https://sqlalche.me/e/20/gkpj)
2025-07-15 18:08:20 [ERROR] Customer_offer: ensure_customers_in_db failed: (sqlite3.IntegrityError) NOT NULL constraint failed: customers.customerKey
[SQL: INSERT INTO customers ("customerNumber", "customerKey", name, email, phone, "customerType", "creditTerms", "createAt", "modifiedAt", "createdBy", "modifiedBy") VALUES (?, ?, ?, ?, ?, ?, ?, ?, ?, ?, ?) RETURNING "customerId"]
[parameters: (86678.0, None, 'Magunas Super Stores(K) Ltd', 'payables@magunas.co.ke, financemanager@magunas.co.ke', None, 'ORGANIZATION', 30, None, None, None, None)]
(Background on this error at: https://sqlalche.me/e/20/gkpj)
2025-07-15 18:08:20 [ERROR] Customer_offer: get_enriched_invoice_data failed: (sqlite3.IntegrityError) NOT NULL constraint failed: customers.customerKey
[SQL: INSERT INTO customers ("customerNumber", "customerKey", name, email, phone, "customerType", "creditTerms", "createAt", "modifiedAt", "createdBy", "modifiedBy") VALUES (?, ?, ?, ?, ?, ?, ?, ?, ?, ?, ?) RETURNING "customerId"]
[parameters: (86678.0, None, 'Magunas Super Stores(K) Ltd', 'payables@magunas.co.ke, financemanager@magunas.co.ke', None, 'ORGANIZATION', 30, None, None, None, None)]
(Background on this error at: https://sqlalche.me/e/20/gkpj)
2025-07-15 18:08:20 [ERROR] Customer_offer: output formatter stopped :(sqlite3.IntegrityError) NOT NULL constraint failed: customers.customerKey
[SQL: INSERT INTO customers ("customerNumber", "customerKey", name, email, phone, "customerType", "creditTerms", "createAt", "modifiedAt", "createdBy", "modifiedBy") VALUES (?, ?, ?, ?, ?, ?, ?, ?, ?, ?, ?) RETURNING "customerId"]
[parameters: (86678.0, None, 'Magunas Super Stores(K) Ltd', 'payables@magunas.co.ke, financemanager@magunas.co.ke', None, 'ORGANIZATION', 30, None, None, None, None)]
(Background on this error at: https://sqlalche.me/e/20/gkpj)
2025-07-15 18:09:29 [ERROR] Customer_offer: ensure_customers_in_db failed: (sqlite3.IntegrityError) NOT NULL constraint failed: customers.customerKey
[SQL: INSERT INTO customers ("customerNumber", "customerKey", name, email, phone, "customerType", "creditTerms", "createAt", "modifiedAt", "createdBy", "modifiedBy") VALUES (?, ?, ?, ?, ?, ?, ?, ?, ?, ?, ?) RETURNING "customerId"]
[parameters: (86678.0, None, 'Magunas Super Stores(K) Ltd', 'payables@magunas.co.ke, financemanager@magunas.co.ke', None, 'ORGANIZATION', 30, None, None, None, None)]
(Background on this error at: https://sqlalche.me/e/20/gkpj)
2025-07-15 18:09:29 [ERROR] Customer_offer: get_enriched_invoice_data failed: (sqlite3.IntegrityError) NOT NULL constraint failed: customers.customerKey
[SQL: INSERT INTO customers ("customerNumber", "customerKey", name, email, phone, "customerType", "creditTerms", "createAt", "modifiedAt", "createdBy", "modifiedBy") VALUES (?, ?, ?, ?, ?, ?, ?, ?, ?, ?, ?) RETURNING "customerId"]
[parameters: (86678.0, None, 'Magunas Super Stores(K) Ltd', 'payables@magunas.co.ke, financemanager@magunas.co.ke', None, 'ORGANIZATION', 30, None, None, None, None)]
(Background on this error at: https://sqlalche.me/e/20/gkpj)
2025-07-15 18:09:29 [ERROR] Customer_offer: output formatter stopped :(sqlite3.IntegrityError) NOT NULL constraint failed: customers.customerKey
[SQL: INSERT INTO customers ("customerNumber", "customerKey", name, email, phone, "customerType", "creditTerms", "createAt", "modifiedAt", "createdBy", "modifiedBy") VALUES (?, ?, ?, ?, ?, ?, ?, ?, ?, ?, ?) RETURNING "customerId"]
[parameters: (86678.0, None, 'Magunas Super Stores(K) Ltd', 'payables@magunas.co.ke, financemanager@magunas.co.ke', None, 'ORGANIZATION', 30, None, None, None, None)]
(Background on this error at: https://sqlalche.me/e/20/gkpj)
2025-07-15 18:09:39 [ERROR] Customer_offer: output formatter stopped :'invoiceGrossValue'
2025-07-15 18:35:43 [ERROR] Customer_offer: output formatter stopped :(sqlite3.IntegrityError) NOT NULL constraint failed: customerOffers.customerKey
[SQL: INSERT INTO "customerOffers" ("invoiceDate", "invoiceNumber", "customerId", "customerKey", "creditAmount", "discountRate", "originalPaymentDate", "offeredPaymentDate", "totalInterest", "offerSentBy", "offerSentDate", "offerDecisionDate", "offerStatus", "createAt", "modifiedAt", "createdBy", "modifiedBy") VALUES (?, ?, ?, ?, ?, ?, ?, ?, ?, ?, ?, ?, ?, ?, ?, ?, ?)]
[parameters: ('2025-06-13', 2541100709, 18, None, 345074.26, 4140.89112, '2025-07-13', '2025-06-28', 20704.4556, None, None, None, 'not_sent', '2025-07-15 18:35:42.935352', None, None, None)]
(Background on this error at: https://sqlalche.me/e/20/gkpj)
2025-07-16 16:43:47 [ERROR] Customer_offer: output formatter stopped :'>' not supported between instances of 'str' and 'int'
2025-07-16 16:53:23 [ERROR] Customer_offer: output formatter stopped :unsupported operand type(s) for *: 'NoneType' and 'float'
2025-07-16 17:00:45 [ERROR] Customer_offer: output formatter stopped :unsupported operand type(s) for *: 'NoneType' and 'float'
2025-07-16 17:01:04 [ERROR] Customer_offer: output formatter stopped :unsupported operand type(s) for *: 'NoneType' and 'float'
2025-07-16 17:01:42 [ERROR] Customer_offer: output formatter stopped :unsupported operand type(s) for *: 'NoneType' and 'float'
2025-07-16 17:03:00 [ERROR] Customer_offer: output formatter stopped :unsupported operand type(s) for *: 'NoneType' and 'float'
2025-07-16 17:03:08 [ERROR] Customer_offer: output formatter stopped :unsupported operand type(s) for *: 'NoneType' and 'float'
2025-07-17 22:02:09 [ERROR] Customer_offer: get_enriched_invoice_data failed: 'customerKey'
2025-07-17 22:02:09 [ERROR] Customer_offer: output formatter stopped :'customerKey'
2025-07-18 16:11:54 [ERROR] Customer_offer: output formatter stopped :Failed to connect to Oracle DB: ORA-12170: Cannot connect. TCP connect timeout of 20s for host 192.168.5.45 port 1606. (CONNECTION_ID=0JM3RhLwRsWM1pgSojq2MQ==)
Help: https://docs.oracle.com/error-help/db/ora-12170/
2025-07-18 17:23:02 [ERROR] Customer_offer: get_enriched_invoice_data failed: Failed to fetch invoice data: DPY-4011: the database or network closed the connection
DPI-1080: connection was closed by ORA-03113
ORA-03113: end-of-file on communication channel
Process ID: 2163902
Session ID: 67 Serial number: 30878
Help: https://docs.oracle.com/error-help/db/ora-03113/
2025-07-18 17:23:02 [ERROR] Customer_offer: output formatter stopped :Failed to fetch invoice data: DPY-4011: the database or network closed the connection
DPI-1080: connection was closed by ORA-03113
ORA-03113: end-of-file on communication channel
Process ID: 2163902
Session ID: 67 Serial number: 30878
Help: https://docs.oracle.com/error-help/db/ora-03113/
2025-07-19 11:40:54 [ERROR] Customer_offer: output formatter stopped :Failed to connect to Oracle DB: ORA-12170: Cannot connect. TCP connect timeout of 20s for host 192.168.5.45 port 1606. (CONNECTION_ID=vgythZkCR0ijj0AbXMTKJQ==)
Help: https://docs.oracle.com/error-help/db/ora-12170/
2025-07-19 12:08:54 [ERROR] Customer_offer: ensure_customers_in_db failed: Failed to fetch customer data: ORA-00904: "NONE": invalid identifier
Help: https://docs.oracle.com/error-help/db/ora-00904/
2025-07-19 12:08:54 [ERROR] Customer_offer: get_enriched_invoice_data failed: Failed to fetch customer data: ORA-00904: "NONE": invalid identifier
Help: https://docs.oracle.com/error-help/db/ora-00904/
2025-07-19 12:08:54 [ERROR] Customer_offer: output formatter stopped :Failed to fetch customer data: ORA-00904: "NONE": invalid identifier
Help: https://docs.oracle.com/error-help/db/ora-00904/
2025-07-21 13:14:27 [ERROR] Customer_offer: output formatter stopped :'DataFetcherOracleCustomer' object has no attribute 'connect'
2025-07-21 13:15:08 [ERROR] Customer_offer: get_enriched_invoice_data failed: name 're' is not defined
2025-07-21 13:15:08 [ERROR] Customer_offer: output formatter stopped :name 're' is not defined
2025-07-21 13:15:36 [INFO] Customer_offer: processing of data started
2025-07-21 13:15:36 [INFO] Customer_offer: Succesfully inserted data into db
